Performing C SOURCE FILE Test CMAKE_HAVE_LIBC_PTHREAD failed with the following output:
Change Dir: /home/gabriel/Desktop/C++/fluffy-couscous/build/CMakeFiles/CMakeTmp

Run Build Command(s):/usr/bin/ninja cmTC_2cce9 && [1/2] Building C object CMakeFiles/cmTC_2cce9.dir/src.c.o
[2/2] Linking C executable cmTC_2cce9
FAILED: cmTC_2cce9 
: && /usr/bin/gcc -DCMAKE_HAVE_LIBC_PTHREAD   CMakeFiles/cmTC_2cce9.dir/src.c.o  -o cmTC_2cce9   && :
/usr/bin/ld: CMakeFiles/cmTC_2cce9.dir/src.c.o: in function `main':
src.c:(.text+0x46): undefined reference to `pthread_create'
/usr/bin/ld: src.c:(.text+0x52): undefined reference to `pthread_detach'
/usr/bin/ld: src.c:(.text+0x63): undefined reference to `pthread_join'
collect2: error: ld returned 1 exit status
ninja: build stopped: subcommand failed.


Source file was:
#include <pthread.h>

void* test_func(void* data)
{
  return data;
}

int main(void)
{
  pthread_t thread;
  pthread_create(&thread, NULL, test_func, NULL);
  pthread_detach(thread);
  pthread_join(thread, NULL);
  pthread_atfork(NULL, NULL, NULL);
  pthread_exit(NULL);

  return 0;
}

Determining if the function pthread_create exists in the pthreads failed with the following output:
Change Dir: /home/gabriel/Desktop/C++/fluffy-couscous/build/CMakeFiles/CMakeTmp

Run Build Command(s):/usr/bin/ninja cmTC_a659f && [1/2] Building C object CMakeFiles/cmTC_a659f.dir/CheckFunctionExists.c.o
[2/2] Linking C executable cmTC_a659f
FAILED: cmTC_a659f 
: && /usr/bin/gcc -DCHECK_FUNCTION_EXISTS=pthread_create   CMakeFiles/cmTC_a659f.dir/CheckFunctionExists.c.o  -o cmTC_a659f  -lpthreads && :
/usr/bin/ld: cannot find -lpthreads
collect2: error: ld returned 1 exit status
ninja: build stopped: subcommand failed.



